[debug] [2025-10-20T13:50:17.799Z] ----------------------------------------------------------------------
[debug] [2025-10-20T13:50:17.805Z] Command:       C:\Program Files\nodejs\node.exe C:\Users\hp\AppData\Roaming\npm\node_modules\firebase-tools\lib\bin\firebase.js init
[debug] [2025-10-20T13:50:17.805Z] CLI Version:   14.20.0
[debug] [2025-10-20T13:50:17.806Z] Platform:      win32
[debug] [2025-10-20T13:50:17.806Z] Node Version:  v22.11.0
[debug] [2025-10-20T13:50:17.807Z] Time:          Mon Oct 20 2025 16:50:17 GMT+0300 (Moscow Standard Time)
[debug] [2025-10-20T13:50:17.807Z] ----------------------------------------------------------------------
[debug] 
[info] 
     ######## #### ########  ######## ########     ###     ######  ########
     ##        ##  ##     ## ##       ##     ##  ##   ##  ##       ##
     ######    ##  ########  ######   ########  #########  ######  ######
     ##        ##  ##    ##  ##       ##     ## ##     ##       ## ##
     ##       #### ##     ## ######## ########  ##     ##  ######  ########

You're about to initialize a Firebase project in this directory:

  E:\code\Portfolio Project\chat-app

[debug] [2025-10-20T13:50:54.289Z] ExitPromptError: User force closed the prompt with SIGINT
    at Interface.sigint (C:\Users\hp\AppData\Roaming\npm\node_modules\firebase-tools\node_modules\@inquirer\core\dist\commonjs\lib\create-prompt.js:101:37)
    at Interface.emit (node:events:518:28)
    at Interface.emit (node:domain:489:12)
    at [_ttyWrite] [as _ttyWrite] (node:internal/readline/interface:1124:18)
    at ReadStream.onkeypress (node:internal/readline/interface:263:20)
    at ReadStream.emit (node:events:530:35)
    at ReadStream.emit (node:domain:489:12)
    at emitKeys (node:internal/readline/utils:370:14)
    at emitKeys.next (<anonymous>)
    at ReadStream.onData (node:internal/readline/emitKeypressEvents:64:36)
[error] 
[error] Error: An unexpected error has occurred.
